2020-05-17T09:37:49.630Z error: ER_PARSE_ERROR: You have an error in your SQL syntax; check the manual that corresponds to your MySQL server version for the right syntax to use near ' `taskType` = '1'and taskType=?' at line 1
2020-05-17T09:38:56.692Z error: ER_PARSE_ERROR: You have an error in your SQL syntax; check the manual that corresponds to your MySQL server version for the right syntax to use near ' `taskType` = '1' and taskType=?' at line 1
2020-05-17T10:24:24.134Z error: ER_PARSE_ERROR: You have an error in your SQL syntax; check the manual that corresponds to your MySQL server version for the right syntax to use near '?' at line 1
2020-05-17T10:26:38.391Z error: ER_PARSE_ERROR: You have an error in your SQL syntax; check the manual that corresponds to your MySQL server version for the right syntax to use near '?' at line 1
2020-05-18T13:51:26.882Z error: null
2020-05-18T13:51:26.980Z error: null
2020-05-18T13:55:34.775Z error: null
2020-05-18T13:55:34.812Z error: null
2020-05-18T13:57:01.780Z error: null
2020-05-18T13:57:01.834Z error: null
2020-05-18T13:59:38.980Z error: null
2020-05-18T13:59:39.063Z error: null
2020-05-18T13:59:39.190Z error: null
2020-05-18T13:59:39.268Z error: null
2020-05-20T11:35:39.198Z error: null
2020-05-20T12:04:55.205Z error: ER_PARSE_ERROR: You have an error in your SQL syntax; check the manual that corresponds to your MySQL server version for the right syntax to use near 'FIND_IN_SET(taskId,'1224') and startTime>='undefined 00:00:00' AND startTime<='u' at line 1
2020-05-20T12:06:11.490Z error: ER_PARSE_ERROR: You have an error in your SQL syntax; check the manual that corresponds to your MySQL server version for the right syntax to use near 'FIND_IN_SET(taskId,'1224') and startTime>='undefined 00:00:00' AND startTime<='u' at line 1
2020-05-20T12:06:58.629Z error: ER_PARSE_ERROR: You have an error in your SQL syntax; check the manual that corresponds to your MySQL server version for the right syntax to use near 'FIND_IN_SET(taskId,'1224') and startTime>='2020-05-14 00:00:00' AND startTime<='' at line 1
2020-05-20T12:08:27.909Z error: ER_PARSE_ERROR: You have an error in your SQL syntax; check the manual that corresponds to your MySQL server version for the right syntax to use near 'FIND_IN_SET(taskId,'1224') and startTime>='2020-05-14 00:00:00' AND startTime<='' at line 1
2020-05-23T06:08:55.081Z error: ER_PARSE_ERROR: You have an error in your SQL syntax; check the manual that corresponds to your MySQL server version for the right syntax to use near 'VALUES('e1d93f71-9cbb-11ea-b673-4f5d02ca7ffc1dbff97b-e591-43d8-a69f-de3120a92843' at line 1
2020-05-23T06:10:51.214Z error: ER_PARSE_ERROR: You have an error in your SQL syntax; check the manual that corresponds to your MySQL server version for the right syntax to use near 'VALUES('2711bcc1-9cbc-11ea-887e-210bd467dc40b249f846-e47d-4d95-a615-3ea91a5007ef' at line 1
2020-05-23T06:13:00.788Z error: ER_PARSE_ERROR: You have an error in your SQL syntax; check the manual that corresponds to your MySQL server version for the right syntax to use near 'VALUES('7445d621-9cbc-11ea-89cc-a7e7439770c8a31d8d52-ad18-46ae-a99a-afc7c21f218c' at line 1
